<?xml version="1.0" encoding="UTF-8"?>
<!-- Generated by org.testng.reporters.JUnitReportReporter -->
<testsuite hostname="DESKTOP-JUVN070" failures="0" tests="1" name="sokoeurnchhayacademy.test.ErrorValidationTest" time="10.331" errors="0" timestamp="2024-08-21T07:47:36 CDT" skipped="0">
  <testcase classname="sokoeurnchhayacademy.test.ErrorValidationTest" name="loginErrorValidation" time="10.331"/>
</testsuite> <!-- sokoeurnchhayacademy.test.ErrorValidationTest -->
